test.obj : error LNK2019: 无法解析的外部符号 _pirntf，函数 _main 中引用了该符号
test.obj : error LNK2019: 无法解析的外部符号 _sacnf，函数 _main 中引用了该符号
D:\code\代码2023\Project4_17_选择语句和循环语句\Debug\Project4_17_选择语句和循环语句.exe : fatal error LNK1120: 2 个无法解析的外部命令
